<?xml version="1.0" encoding="UTF-8"?>
<!-- Generated by org.testng.reporters.JUnitXMLReporter -->
<testsuite hostname="sony-VAIO" ignored="0" name="Test" tests="6" failures="0" timestamp="27 Mar 2019 16:26:56 GMT" time="0.068" errors="0">
  <testcase name="Demo" time="0.009" classname="TestPackage.Day1"/>
  <testcase name="Demo" time="0.002" classname="TestPackage.Day2"/>
  <testcase name="MobileLoginCarLoan" time="0.001" classname="TestPackage.Day3"/>
  <testcase name="WEbLoginCarLoan" time="0.002" classname="TestPackage.Day3"/>
  <testcase name="APILoginCarLoan" time="0.003" classname="TestPackage.Day4"/>
  <testcase name="MobileLoginCarLoan" time="0.003" classname="TestPackage.Day4"/>
</testsuite> <!-- Test -->
