<?xml version="1.0" encoding="UTF-8"?>
<testng-results skipped="0" failed="0" total="2" passed="2">
  <reporter-output>
  </reporter-output>
  <suite name="Default suite" duration-ms="211746" started-at="2019-04-17T14:51:52Z" finished-at="2019-04-17T14:55:24Z">
    <groups>
    </groups>
    <test name="Default test" duration-ms="211746" started-at="2019-04-17T14:51:52Z" finished-at="2019-04-17T14:55:24Z">
      <class name="Academy.HomePage">
        <test-method status="PASS" signature="basePageNavigation(java.lang.String, java.lang.String, java.lang.String)[pri:0, instance:Academy.HomePage@4439f31e]" name="basePageNavigation" duration-ms="135255" started-at="2019-04-17T20:21:52Z" data-provider="getData" finished-at="2019-04-17T20:24:07Z">
          <params>
            <param index="0">
              <value>
                <![CDATA[2905poonam@gmail.com]]>
              </value>
            </param>
            <param index="1">
              <value>
                <![CDATA[Rushmore@123]]>
              </value>
            </param>
            <param index="2">
              <value>
                <![CDATA[Restricted User]]>
              </value>
            </param>
          </params>
          <reporter-output>
          </reporter-output>
        </test-method> <!-- basePageNavigation -->
        <test-method status="PASS" signature="basePageNavigation(java.lang.String, java.lang.String, java.lang.String)[pri:0, instance:Academy.HomePage@4439f31e]" name="basePageNavigation" duration-ms="76424" started-at="2019-04-17T20:24:07Z" data-provider="getData" finished-at="2019-04-17T20:25:24Z">
          <params>
            <param index="0">
              <value>
                <![CDATA[poonam@gmail.com]]>
              </value>
            </param>
            <param index="1">
              <value>
                <![CDATA[123456]]>
              </value>
            </param>
            <param index="2">
              <value>
                <![CDATA[Unrestricted User]]>
              </value>
            </param>
          </params>
          <reporter-output>
          </reporter-output>
        </test-method> <!-- basePageNavigation -->
      </class> <!-- Academy.HomePage -->
    </test> <!-- Default test -->
  </suite> <!-- Default suite -->
</testng-results>
